#
# There is insufficient memory for the Java Runtime Environment to continue.
# Native memory allocation (mmap) failed to map 69206016 bytes. Error detail: G1 virtual space
# Possible reasons:
#   The system is out of physical RAM or swap space
#   This process is running with CompressedOops enabled, and the Java Heap may be blocking the growth of the native heap
# Possible solutions:
#   Reduce memory load on the system
#   Increase physical memory or swap space
#   Check if swap backing store is full
#   Decrease Java heap size (-Xmx/-Xms)
#   Decrease number of Java threads
#   Decrease Java thread stack sizes (-Xss)
#   Set larger code cache with -XX:ReservedCodeCacheSize=
#   JVM is running with Unscaled Compressed Oops mode in which the Java heap is
#     placed in the first 4GB address space. The Java Heap base address is the
#     maximum limit for the native heap growth. Please use -XX:HeapBaseMinAddress
#     to set the Java Heap base and to place the Java Heap above 4GB virtual address.
# This output file may be truncated or incomplete.
#
#  Out of Memory Error (os_windows.cpp:3583), pid=17964, tid=26524
#
# JRE version: Java(TM) SE Runtime Environment (26.0+35) (build 26+35-2893)
# Java VM: Java HotSpot(TM) 64-Bit Server VM (26+35-2893, mixed mode, emulated-client, sharing, tiered, compressed oops, compressed class ptrs, g1 gc, windows-amd64)
# No core dump will be written. Minidumps are not enabled by default on client versions of Windows
#

---------------  S U M M A R Y ------------

Command Line: -XX:TieredStopAtLevel=1 -Dspring.output.ansi.enabled=always -javaagent:C:\Program Files\JetBrains\IntelliJ IDEA 2026.1\lib\idea_rt.jar=56688 -Dfile.encoding=UTF-8 -Dsun.stdout.encoding=UTF-8 -Dsun.stderr.encoding=UTF-8 com.delhimetro.route_planner.RoutePlannerApplication

Host: 12th Gen Intel(R) Core(TM) i5-1235U, 12 cores, 7G,  Windows 11 , 64 bit Build 26100 (10.0.26100.8115)
Time: Sat Apr  4 20:47:04 2026 India Standard Time elapsed time: 3.964061 seconds (0d 0h 0m 3s)

---------------  T H R E A D  ---------------

Current thread (0x00000136a4c166b0):  VMThread "VM Thread"          [id=26524, stack(0x0000000100e00000,0x0000000100f00000) (1024K)]

Stack: [0x0000000100e00000,0x0000000100f00000]
Native frames: (J=compiled Java code, j=interpreted, Vv=VM code, C=native code)
V  [jvm.dll+0x7d5719]  (no source info available)
V  [jvm.dll+0x7a367d]  (no source info available)
V  [jvm.dll+0x9b0aa0]  (no source info available)
V  [jvm.dll+0x9b2ef1]  (no source info available)
V  [jvm.dll+0x9b3603]  (no source info available)
V  [jvm.dll+0x30de86]  (no source info available)
V  [jvm.dll+0x7d4be5]  (no source info available)
V  [jvm.dll+0x7c7da7]  (no source info available)
V  [jvm.dll+0x4086f8]  (no source info available)
V  [jvm.dll+0x410a66]  (no source info available)
V  [jvm.dll+0x3fce04]  (no source info available)
V  [jvm.dll+0x3fd0f5]  (no source info available)
V  [jvm.dll+0x3d3a7f]  (no source info available)
V  [jvm.dll+0x3d6cec]  (no source info available)
V  [jvm.dll+0x4222fc]  (no source info available)
V  [jvm.dll+0x420c43]  (no source info available)
V  [jvm.dll+0x3d3218]  (no source info available)
V  [jvm.dll+0x420003]  (no source info available)
V  [jvm.dll+0x9b9ab1]  (no source info available)
V  [jvm.dll+0x9baa7b]  (no source info available)
V  [jvm.dll+0x9baf8c]  (no source info available)
V  [jvm.dll+0x9bb409]  (no source info available)
V  [jvm.dll+0x9bb6b3]  (no source info available)
V  [jvm.dll+0x94f4e9]  (no source info available)
V  [jvm.dll+0x7d71f8]  (no source info available)
C  [ucrtbase.dll+0x37b0]  (no source info available)
C  [KERNEL32.DLL+0x2e8d7]  (no source info available)
C  [ntdll.dll+0x8c3fc]  (no source info available)

VM_Operation (0x00000001021fa298): G1CollectForAllocation, mode: safepoint, requested by thread 0x00000136a93eb8f0


---------------  P R O C E S S  ---------------

Threads class SMR info:
_java_thread_list=0x00000136a9c4c340, length=15, elements={
0x000001369107f0e0, 0x00000136a4c26740, 0x00000136a4c28300, 0x00000136a4c29a70,
0x00000136a4c2aed0, 0x00000136a4c382c0, 0x00000136a4c31a70, 0x00000136a4c40fd0,
0x00000136a904e360, 0x00000136a9050b70, 0x00000136a4c37060, 0x00000136a4c358f0,
0x00000136a4c37830, 0x00000136a9bd8900, 0x00000136a93eb8f0
}

Java Threads: ( => current thread )
  0x000001369107f0e0 JavaThread "main"                              [_thread_blocked, id=26188, stack(0x0000000100600000,0x0000000100700000) (1024K)]
  0x00000136a4c26740 JavaThread "Reference Handler"          daemon [_thread_blocked, id=10516, stack(0x0000000100f00000,0x0000000101000000) (1024K)]
  0x00000136a4c28300 JavaThread "Finalizer"                  daemon [_thread_blocked, id=35348, stack(0x0000000101000000,0x0000000101100000) (1024K)]
  0x00000136a4c29a70 JavaThread "Signal Dispatcher"          daemon [_thread_blocked, id=32832, stack(0x0000000101100000,0x0000000101200000) (1024K)]
  0x00000136a4c2aed0 JavaThread "Attach Listener"            daemon [_thread_blocked, id=26724, stack(0x0000000101200000,0x0000000101300000) (1024K)]
  0x00000136a4c382c0 JavaThread "Service Thread"             daemon [_thread_blocked, id=10464, stack(0x0000000101300000,0x0000000101400000) (1024K)]
  0x00000136a4c31a70 JavaThread "Monitor Deflation Thread"   daemon [_thread_blocked, id=18016, stack(0x0000000101400000,0x0000000101500000) (1024K)]
  0x00000136a4c40fd0 JavaThread "C1 CompilerThread0"         daemon [_thread_blocked, id=17056, stack(0x0000000101500000,0x0000000101600000) (1024K)]
  0x00000136a904e360 JavaThread "C1 CompilerThread1"         daemon [_thread_blocked, id=11168, stack(0x0000000101600000,0x0000000101700000) (1024K)]
  0x00000136a9050b70 JavaThread "C1 CompilerThread2"         daemon [_thread_blocked, id=23164, stack(0x0000000101700000,0x0000000101800000) (1024K)]
  0x00000136a4c37060 JavaThread "Common-Cleaner"             daemon [_thread_blocked, id=27340, stack(0x0000000101800000,0x0000000101900000) (1024K)]
  0x00000136a4c358f0 JavaThread "Monitor Ctrl-Break"         daemon [_thread_in_native, id=17720, stack(0x0000000101c00000,0x0000000101d00000) (1024K)]
  0x00000136a4c37830 JavaThread "Notification Thread"        daemon [_thread_blocked, id=18288, stack(0x0000000101d00000,0x0000000101e00000) (1024K)]
  0x00000136a9bd8900 JavaThread "C1 CompilerThread3"         daemon [_thread_blocked, id=30240, stack(0x0000000101f00000,0x0000000102000000) (1024K)]
  0x00000136a93eb8f0 JavaThread "background-preinit"                [_thread_blocked, id=7608, stack(0x0000000102100000,0x0000000102200000) (1024K)]
Total: 15

Other Threads:
=>0x00000136a4c166b0 VMThread "VM Thread"                           [id=26524, stack(0x0000000100e00000,0x0000000100f00000) (1024K)]
  0x00000136a4c061a0 WatcherThread "VM Periodic Task Thread"        [id=22960, stack(0x0000000100d00000,0x0000000100e00000) (1024K)]
  0x00000136934e7340 WorkerThread "GC Thread#0"                     [id=4508, stack(0x0000000100700000,0x0000000100800000) (1024K)]
  0x00000136a9233db0 WorkerThread "GC Thread#1"                     [id=29404, stack(0x0000000101900000,0x0000000101a00000) (1024K)]
  0x00000136a923ccc0 WorkerThread "GC Thread#2"                     [id=28764, stack(0x0000000101e00000,0x0000000101f00000) (1024K)]
  0x00000136a9c77cd0 WorkerThread "GC Thread#3"                     [id=8932, stack(0x0000000102000000,0x0000000102100000) (1024K)]
  0x00000136a9c78570 WorkerThread "GC Thread#4"                     [id=19384, stack(0x0000000102200000,0x0000000102300000) (1024K)]
  0x00000136a9c796b0 WorkerThread "GC Thread#5"                     [id=22852, stack(0x0000000102300000,0x0000000102400000) (1024K)]
  0x0000013693502260 ConcurrentGCThread "G1 Main Marker"            [id=16292, stack(0x0000000100800000,0x0000000100900000) (1024K)]
  0x0000013693503bf0 WorkerThread "G1 Conc#0"                       [id=33164, stack(0x0000000100900000,0x0000000100a00000) (1024K)]
  0x00000136a923de00 WorkerThread "G1 Conc#1"                       [id=17384, stack(0x0000000101a00000,0x0000000101b00000) (1024K)]
  0x00000136a923c420 WorkerThread "G1 Conc#2"                       [id=34212, stack(0x0000000101b00000,0x0000000101c00000) (1024K)]
  0x0000013693550db0 WorkerThread "G1 Refinement Workers#0"         [id=29012, stack(0x0000000100b00000,0x0000000100c00000) (1024K)]
  0x000001369354c3e0 ConcurrentGCThread "G1 Refine Control"         [id=25604, stack(0x0000000100a00000,0x0000000100b00000) (1024K)]
  0x000001369355a5f0 ConcurrentGCThread "G1 Service"                [id=9224, stack(0x0000000100c00000,0x0000000100d00000) (1024K)]
Total: 15

Threads with active compile tasks:
Total: 0

VM state: at safepoint (normal execution)

VM Mutex/Monitor currently owned by a thread:  ([mutex/lock_event])
[0x00007ff8d157ed08] Threads_lock - owner thread: 0x00000136a4c166b0
[0x00007ff8d157ef88] Heap_lock - owner thread: 0x00000136a93eb8f0

Heap address: 0x0000000084e00000, size: 1970 MB, Compressed Oops mode: 32-bit

CDS archive(s) mapped at: [0x000000001e000000-0x000000001ede0000-0x000000001ede0000), size 14548992, SharedBaseAddress: 0x000000001e000000, ArchiveRelocationMode: 1.
Compressed class space mapped at: 0x000000001f000000-0x000000005f000000, reserved size: 1073741824
UseCompressedClassPointers 1, UseCompactObjectHeaders 0
Narrow klass pointer bits 32, Max shift 3
Narrow klass base: 0x000000001e000000, Narrow klass shift: 0
Encoding Range: [0x000000001e000000 - 0x000000011e000000), (4294967296 bytes)
Klass Range:    [0x000000001e000000 - 0x000000005f000000), (1090519040 bytes)
Klass ID Range:  [8 - 1090519033) (1090519025)
Protection zone: [0x000000001e000000 - 0x000000001e010000), (65536 bytes)

GC Precious Log:
 CardTable entry size: 512
 Card Set container configuration: InlinePtr #cards 5 size 8 Array Of Cards #cards 10 size 36 Howl #buckets 4 coarsen threshold 1843 Howl Bitmap #cards 512 size 80 coarsen threshold 460 Card regions per heap region 1 cards per card region 2048
 CPUs: 12 total, 12 available
 Memory: 7876M
 Large Page Support: Disabled
 NUMA Support: Disabled
 Compressed Oops: Enabled (32-bit)
 Heap Region Size: 1M
 Heap Min Capacity: 8M
 Heap Initial Capacity: 8M
 Heap Max Capacity: 1970M
 Pre-touch: Disabled
 Parallel Workers: 10
 Concurrent Workers: 3
 Concurrent Refinement Workers: 10
 Periodic GC: Disabled

Heap:
 garbage-first heap   total reserved 2017280K, committed 33792K, used 11687K [0x0000000084e00000, 0x0000000100000000)
  region size 1M, 0 eden (0M), 2 survivor (2M), 8 old (8M), 2 humongous (2M), 21 free (21M)

Heap Regions: E=young(eden), S=young(survivor), O=old, HS=humongous(starts), HC=humongous(continues), CS=collection set, F=free, TAMS=top-at-mark-start, PB=parsable bottom
|    0|0x0000000084e00000, 0x0000000084f00000, 0x0000000084f00000|100%|HS|  |TAMS 0x0000000084e00000| PB 0x0000000084e00000| Complete  |  0
|    1|0x0000000084f00000, 0x0000000085000000, 0x0000000085000000|100%| O|  |TAMS 0x0000000084f00000| PB 0x0000000084f00000| Untracked |  0
|    2|0x0000000085000000, 0x0000000085100000, 0x0000000085100000|100%| O|  |TAMS 0x0000000085000000| PB 0x0000000085000000| Untracked |  0
|    3|0x0000000085100000, 0x0000000085200000, 0x0000000085200000|100%| O|  |TAMS 0x0000000085100000| PB 0x0000000085100000| Untracked |  0
|    4|0x0000000085200000, 0x0000000085300000, 0x0000000085300000|100%|HS|  |TAMS 0x0000000085200000| PB 0x0000000085200000| Complete  |  0
|    5|0x0000000085300000, 0x0000000085400000, 0x0000000085400000|100%| O|  |TAMS 0x0000000085300000| PB 0x0000000085300000| Untracked |  0
|    6|0x0000000085400000, 0x0000000085500000, 0x0000000085500000|100%| O|  |TAMS 0x0000000085400000| PB 0x0000000085400000| Untracked |  0
|    7|0x0000000085500000, 0x00000000855cc0c0, 0x0000000085600000| 79%| O|  |TAMS 0x0000000085500000| PB 0x0000000085500000| Untracked |  0
|    8|0x0000000085600000, 0x0000000085600000, 0x0000000085700000|  0%| F|  |TAMS 0x0000000085600000| PB 0x0000000085600000| Untracked |  0
|    9|0x0000000085700000, 0x0000000085700000, 0x0000000085800000|  0%| F|  |TAMS 0x0000000085700000| PB 0x0000000085700000| Untracked |  0
|   10|0x0000000085800000, 0x0000000085800000, 0x0000000085900000|  0%| F|  |TAMS 0x0000000085800000| PB 0x0000000085800000| Untracked |  0
|   11|0x0000000085900000, 0x0000000085900000, 0x0000000085a00000|  0%| F|  |TAMS 0x0000000085900000| PB 0x0000000085900000| Untracked |  0
|   12|0x0000000085a00000, 0x0000000085a00000, 0x0000000085b00000|  0%| F|  |TAMS 0x0000000085a00000| PB 0x0000000085a00000| Untracked |  0
|   13|0x0000000085b00000, 0x0000000085b00000, 0x0000000085c00000|  0%| F|  |TAMS 0x0000000085b00000| PB 0x0000000085b00000| Untracked |  0
|   14|0x0000000085c00000, 0x0000000085c00000, 0x0000000085d00000|  0%| F|  |TAMS 0x0000000085c00000| PB 0x0000000085c00000| Untracked |  0
|   15|0x0000000085d00000, 0x0000000085d9ddf0, 0x0000000085e00000| 61%| S|CS|TAMS 0x0000000085d00000| PB 0x0000000085d00000| Complete  |  0
|   16|0x0000000085e00000, 0x0000000085f00000, 0x0000000085f00000|100%| S|CS|TAMS 0x0000000085e00000| PB 0x0000000085e00000| Complete  |  0
|   17|0x0000000085f00000, 0x0000000085f00000, 0x0000000086000000|  0%| F|  |TAMS 0x0000000085f00000| PB 0x0000000085f00000| Untracked |  0
|   18|0x0000000086000000, 0x0000000086000000, 0x0000000086100000|  0%| F|  |TAMS 0x0000000086000000| PB 0x0000000086000000| Untracked |  0
|   19|0x0000000086100000, 0x0000000086100000, 0x0000000086200000|  0%| F|  |TAMS 0x0000000086100000| PB 0x0000000086100000| Untracked |  0
|   20|0x0000000086200000, 0x0000000086200000, 0x0000000086300000|  0%| F|  |TAMS 0x0000000086200000| PB 0x0000000086200000| Untracked |  0
|   21|0x0000000086300000, 0x0000000086300000, 0x0000000086400000|  0%| F|  |TAMS 0x0000000086300000| PB 0x0000000086300000| Untracked |  0
|   22|0x0000000086400000, 0x0000000086400000, 0x0000000086500000|  0%| F|  |TAMS 0x0000000086400000| PB 0x0000000086400000| Untracked |  0
|   23|0x0000000086500000, 0x0000000086500000, 0x0000000086600000|  0%| F|  |TAMS 0x0000000086500000| PB 0x0000000086500000| Untracked |  0
|   24|0x0000000086600000, 0x0000000086600000, 0x0000000086700000|  0%| F|  |TAMS 0x0000000086600000| PB 0x0000000086600000| Untracked |  0
|   25|0x0000000086700000, 0x0000000086700000, 0x0000000086800000|  0%| F|  |TAMS 0x0000000086700000| PB 0x0000000086700000| Untracked |  0
|   26|0x0000000086800000, 0x0000000086800000, 0x0000000086900000|  0%| F|  |TAMS 0x0000000086800000| PB 0x0000000086800000| Untracked |  0
|   27|0x0000000086900000, 0x0000000086900000, 0x0000000086a00000|  0%| F|  |TAMS 0x0000000086900000| PB 0x0000000086900000| Untracked |  0
|   28|0x0000000086a00000, 0x0000000086a00000, 0x0000000086b00000|  0%| F|  |TAMS 0x0000000086a00000| PB 0x0000000086a00000| Untracked |  0
|   29|0x0000000086b00000, 0x0000000086b00000, 0x0000000086c00000|  0%| F|  |TAMS 0x0000000086b00000| PB 0x0000000086b00000| Untracked |  0
| 1967|0x00000000ffd00000, 0x00000000ffe00000, 0x00000000ffe00000|100%| O|  |TAMS 0x00000000ffd00000| PB 0x00000000ffd00000| Untracked |  0
| 1968|0x00000000ffe00000, 0x00000000fff00000, 0x00000000fff00000|100%| O|  |TAMS 0x00000000ffe00000| PB 0x00000000ffe00000| Untracked |  0
| 1969|0x00000000fff00000, 0x00000000fff00000, 0x0000000100000000|  0%| F|  |TAMS 0x00000000fff00000| PB 0x00000000fff00000| Untracked |  0

Card table byte_map: [0x000001369f960000,0x000001369fd40000] _byte_map_base: 0x000001369f539000
Refinement table byte_map: [0x000001369fd40000,0x00000136a0120000] _byte_map_base: 0x000001369f919000

Marking Bits: (CMBitMap*) 0x00000136934e98d0
 Bits: [0x00000136a0120000, 0x00000136a1fe8000)

Polling page: 0x00000136912c0000

Metaspace:
Metaspace        used 13104K, committed 13440K, reserved 1114112K
 class space     used 1964K, committed 2112K, reserved 1048576K

Usage:
  Non-class:     10.88 MB used.
      Class:      1.92 MB used.
       Both:     12.80 MB used.

Virtual space:
  Non-class space:       64.00 MB reserved,      11.06 MB ( 17%) committed,  1 nodes.
      Class space:        1.00 GB reserved,       2.06 MB ( <1%) committed,  1 nodes.
             Both:        1.06 GB reserved,      13.12 MB (  1%) committed. 

Chunk freelists:
   Non-Class:  3.86 MB
       Class:  13.98 MB
        Both:  17.84 MB

MaxMetaspaceSize: unlimited
CompressedClassSpaceSize: 1.00 GB
Initial GC threshold: 21.00 MB
Current GC threshold: 21.00 MB
CDS: on
 - commit_granule_bytes: 65536.
 - commit_granule_words: 8192.
 - virtual_space_node_default_size: 8388608.
 - enlarge_chunks_in_place: 1.
UseCompressedClassPointers 1, UseCompactObjectHeaders 0
Narrow klass pointer bits 32, Max shift 3
Narrow klass base: 0x000000001e000000, Narrow klass shift: 0
Encoding Range: [0x000000001e000000 - 0x000000011e000000), (4294967296 bytes)
Klass Range:    [0x000000001e000000 - 0x000000005f000000), (1090519040 bytes)
Klass ID Range:  [8 - 1090519033) (1090519025)
Protection zone: [0x000000001e000000 - 0x000000001e010000), (65536 bytes)


Internal statistics:

num_allocs_failed_limit: 0.
num_arena_births: 190.
num_arena_deaths: 0.
num_vsnodes_births: 2.
num_vsnodes_deaths: 0.
num_space_committed: 210.
num_space_uncommitted: 0.
num_chunks_returned_to_freelist: 0.
num_chunks_taken_from_freelist: 632.
num_chunk_merges: 0.
num_chunk_splits: 437.
num_chunks_enlarged: 343.
num_inconsistent_stats: 0.

CodeCache: size=49152Kb used=5185Kb max_used=5185Kb free=43966Kb
 bounds [0x000001369c140000, 0x000001369c660000, 0x000001369f140000]
 total_blobs=2669, nmethods=2177, adapters=414, full_count=0
Compilation: enabled, stopped_count=0, restarted_count=0

Compilation events (20 events):
Event: 1.932 Thread 0x00000136a9050b70 2170       1       java.lang.invoke.DirectMethodHandle$Constructor::viewAsType (49 bytes)
Event: 1.932 Thread 0x00000136a9050b70 nmethod 2170 0x000001369c64d208 code [0x000001369c64d300, 0x000001369c64d458]
Event: 1.932 Thread 0x00000136a904e360 nmethod 2169 0x000001369c64d508 code [0x000001369c64d600, 0x000001369c64d7b8]
Event: 1.933 Thread 0x00000136a4c40fd0 nmethod 2166 0x000001369c64d808 code [0x000001369c64d900, 0x000001369c64df18]
Event: 1.933 Thread 0x00000136a904e360 2171   !   1       java.lang.invoke.MemberName::getFieldType (178 bytes)
Event: 1.933 Thread 0x00000136a4c40fd0 2172       1       jdk.internal.classfile.impl.StackMapGenerator$Frame::setLocal (76 bytes)
Event: 1.933 Thread 0x00000136a9050b70 2173       1       jdk.internal.classfile.impl.StackMapGenerator$Frame::setLocalRawInternal (41 bytes)
Event: 1.933 Thread 0x00000136a9050b70 nmethod 2173 0x000001369c64df88 code [0x000001369c64e080, 0x000001369c64e2e8]
Event: 1.933 Thread 0x00000136a4c40fd0 nmethod 2172 0x000001369c64e308 code [0x000001369c64e400, 0x000001369c64e618]
Event: 1.933 Thread 0x00000136a904e360 nmethod 2171 0x000001369c64e688 code [0x000001369c64e780, 0x000001369c64eeb0]
Event: 1.934 Thread 0x00000136a4c40fd0 2174       1       java.lang.classfile.CodeBuilder::putfield (11 bytes)
Event: 1.934 Thread 0x00000136a4c40fd0 nmethod 2174 0x000001369c64ef08 code [0x000001369c64f000, 0x000001369c64f1f0]
Event: 1.935 Thread 0x00000136a904e360 2175       1       org.springframework.core.annotation.AnnotationTypeMappings::get (14 bytes)
Event: 1.936 Thread 0x00000136a904e360 nmethod 2175 0x000001369c64f208 code [0x000001369c64f300, 0x000001369c64f420]
Event: 1.943 Thread 0x00000136a4c40fd0 2176       1       java.util.LinkedHashMap::<init> (15 bytes)
Event: 1.943 Thread 0x00000136a4c40fd0 nmethod 2176 0x000001369c64f508 code [0x000001369c64f600, 0x000001369c64f6c8]
Event: 1.946 Thread 0x00000136a9bd8900 2177  s!   1       jdk.internal.loader.URLClassPath::getLoader (202 bytes)
Event: 1.947 Thread 0x00000136a9bd8900 nmethod 2177 0x000001369c64f808 code [0x000001369c64f900, 0x000001369c650338]
Event: 1.956 Thread 0x00000136a9050b70 2178       1       org.springframework.core.annotation.TypeMappedAnnotations::isMappingForType (41 bytes)
Event: 1.956 Thread 0x00000136a9050b70 nmethod 2178 0x000001369c650388 code [0x000001369c650480, 0x000001369c650610]

GC Heap Usage History (15 events):
Event: 0.411 {heap Before GC invocations=0 (full 0):
 garbage-first heap   total reserved 2017280K, committed 10240K, used 4259K [0x0000000084e00000, 0x0000000100000000)
  region size 1M, 4 eden (4M), 0 survivor (0M), 2 old (2M), 1 humongous (1M), 3 free (3M)
}
Event: 0.416 {heap After GC invocations=1 (full 0):
 garbage-first heap   total reserved 2017280K, committed 10240K, used 4653K [0x0000000084e00000, 0x0000000100000000)
  region size 1M, 0 eden (0M), 1 survivor (1M), 4 old (4M), 1 humongous (1M), 4 free (4M)
}
Event: 0.469 {heap Before GC invocations=2 (full 0):
 garbage-first heap   total reserved 2017280K, committed 10240K, used 6701K [0x0000000084e00000, 0x0000000100000000)
  region size 1M, 1 eden (1M), 1 survivor (1M), 4 old (4M), 2 humongous (2M), 2 free (2M)
}
Event: 0.472 {heap After GC invocations=3 (full 0):
 garbage-first heap   total reserved 2017280K, committed 10240K, used 6694K [0x0000000084e00000, 0x0000000100000000)
  region size 1M, 0 eden (0M), 1 survivor (1M), 5 old (5M), 2 humongous (2M), 2 free (2M)
}
Event: 0.551 {heap Before GC invocations=3 (full 0):
 garbage-first heap   total reserved 2017280K, committed 10240K, used 7718K [0x0000000084e00000, 0x0000000100000000)
  region size 1M, 1 eden (1M), 1 survivor (1M), 5 old (5M), 2 humongous (2M), 1 free (1M)
}
Event: 0.554 {heap After GC invocations=4 (full 0):
 garbage-first heap   total reserved 2017280K, committed 33792K, used 7544K [0x0000000084e00000, 0x0000000100000000)
  region size 1M, 0 eden (0M), 1 survivor (1M), 5 old (5M), 2 humongous (2M), 25 free (25M)
}
Event: 1.037 {heap Before GC invocations=4 (full 0):
 garbage-first heap   total reserved 2017280K, committed 33792K, used 15736K [0x0000000084e00000, 0x0000000100000000)
  region size 1M, 9 eden (9M), 1 survivor (1M), 5 old (5M), 2 humongous (2M), 16 free (16M)
}
Event: 1.041 {heap After GC invocations=5 (full 0):
 garbage-first heap   total reserved 2017280K, committed 33792K, used 8696K [0x0000000084e00000, 0x0000000100000000)
  region size 1M, 0 eden (0M), 2 survivor (2M), 5 old (5M), 2 humongous (2M), 24 free (24M)
}
Event: 1.342 {heap Before GC invocations=5 (full 0):
 garbage-first heap   total reserved 2017280K, committed 33792K, used 16888K [0x0000000084e00000, 0x0000000100000000)
  region size 1M, 8 eden (8M), 2 survivor (2M), 5 old (5M), 2 humongous (2M), 16 free (16M)
}
Event: 1.347 {heap After GC invocations=6 (full 0):
 garbage-first heap   total reserved 2017280K, committed 33792K, used 9411K [0x0000000084e00000, 0x0000000100000000)
  region size 1M, 0 eden (0M), 1 survivor (1M), 7 old (7M), 2 humongous (2M), 23 free (23M)
}
Event: 1.580 {heap Before GC invocations=6 (full 0):
 garbage-first heap   total reserved 2017280K, committed 33792K, used 18627K [0x0000000084e00000, 0x0000000100000000)
  region size 1M, 9 eden (9M), 1 survivor (1M), 7 old (7M), 2 humongous (2M), 14 free (14M)
}
Event: 1.586 {heap After GC invocations=7 (full 0):
 garbage-first heap   total reserved 2017280K, committed 33792K, used 10069K [0x0000000084e00000, 0x0000000100000000)
  region size 1M, 0 eden (0M), 2 survivor (2M), 7 old (7M), 2 humongous (2M), 22 free (22M)
}
Event: 1.775 {heap Before GC invocations=7 (full 0):
 garbage-first heap   total reserved 2017280K, committed 33792K, used 20309K [0x0000000084e00000, 0x0000000100000000)
  region size 1M, 10 eden (10M), 2 survivor (2M), 7 old (7M), 2 humongous (2M), 12 free (12M)
}
Event: 1.779 {heap After GC invocations=8 (full 0):
 garbage-first heap   total reserved 2017280K, committed 33792K, used 10692K [0x0000000084e00000, 0x0000000100000000)
  region size 1M, 0 eden (0M), 2 survivor (2M), 8 old (8M), 2 humongous (2M), 21 free (21M)
}
Event: 1.957 {heap Before GC invocations=8 (full 0):
 garbage-first heap   total reserved 2017280K, committed 33792K, used 22980K [0x0000000084e00000, 0x0000000100000000)
  region size 1M, 12 eden (12M), 2 survivor (2M), 8 old (8M), 2 humongous (2M), 9 free (9M)
}

Metaspace Usage History (15 events):
Event: 0.411 {metaspace Before GC invocations=0 (full 0):
 Metaspace       used 271K, committed 512K, reserved 1114112K
  class space    used 9K, committed 128K, reserved 1048576K
}
Event: 0.416 {metaspace After GC invocations=1 (full 0):
 Metaspace       used 271K, committed 512K, reserved 1114112K
  class space    used 9K, committed 128K, reserved 1048576K
}
Event: 0.469 {metaspace Before GC invocations=2 (full 0):
 Metaspace       used 271K, committed 512K, reserved 1114112K
  class space    used 9K, committed 128K, reserved 1048576K
}
Event: 0.473 {metaspace After GC invocations=3 (full 0):
 Metaspace       used 271K, committed 512K, reserved 1114112K
  class space    used 9K, committed 128K, reserved 1048576K
}
Event: 0.551 {metaspace Before GC invocations=3 (full 0):
 Metaspace       used 271K, committed 512K, reserved 1114112K
  class space    used 9K, committed 128K, reserved 1048576K
}
Event: 0.554 {metaspace After GC invocations=4 (full 0):
 Metaspace       used 271K, committed 512K, reserved 1114112K
  class space    used 9K, committed 128K, reserved 1048576K
}
Event: 1.037 {metaspace Before GC invocations=4 (full 0):
 Metaspace       used 3478K, committed 3648K, reserved 1114112K
  class space    used 445K, committed 512K, reserved 1048576K
}
Event: 1.041 {metaspace After GC invocations=5 (full 0):
 Metaspace       used 3478K, committed 3648K, reserved 1114112K
  class space    used 445K, committed 512K, reserved 1048576K
}
Event: 1.342 {metaspace Before GC invocations=5 (full 0):
 Metaspace       used 5858K, committed 6016K, reserved 1114112K
  class space    used 781K, committed 832K, reserved 1048576K
}
Event: 1.347 {metaspace After GC invocations=6 (full 0):
 Metaspace       used 5858K, committed 6016K, reserved 1114112K
  class space    used 781K, committed 832K, reserved 1048576K
}
Event: 1.580 {metaspace Before GC invocations=6 (full 0):
 Metaspace       used 7365K, committed 7616K, reserved 1114112K
  class space    used 1059K, committed 1152K, reserved 1048576K
}
Event: 1.586 {metaspace After GC invocations=7 (full 0):
 Metaspace       used 7365K, committed 7616K, reserved 1114112K
  class space    used 1059K, committed 1152K, reserved 1048576K
}
Event: 1.775 {metaspace Before GC invocations=7 (full 0):
 Metaspace       used 10045K, committed 10304K, reserved 1114112K
  class space    used 1458K, committed 1600K, reserved 1048576K
}
Event: 1.779 {metaspace After GC invocations=8 (full 0):
 Metaspace       used 10045K, committed 10304K, reserved 1114112K
  class space    used 1458K, committed 1600K, reserved 1048576K
}
Event: 1.957 {metaspace Before GC invocations=8 (full 0):
 Metaspace       used 13104K, committed 13440K, reserved 1114112K
  class space    used 1964K, committed 2112K, reserved 1048576K
}

Dll operation events (16 events):
Event: 0.026 Attempting to load shared library C:\Program Files\Java\jdk-26\bin\java.dll
Event: 0.026 Loaded shared library C:\Program Files\Java\jdk-26\bin\java.dll
Event: 0.247 Attempting to load shared library C:\Program Files\Java\jdk-26\bin\zip.dll
Event: 0.248 Loaded shared library C:\Program Files\Java\jdk-26\bin\zip.dll
Event: 0.253 Attempting to load shared library C:\Program Files\Java\jdk-26\bin\instrument.dll
Event: 0.253 Loaded shared library C:\Program Files\Java\jdk-26\bin\instrument.dll
Event: 0.260 Attempting to load shared library C:\Program Files\Java\jdk-26\bin\net.dll
Event: 0.261 Loaded shared library C:\Program Files\Java\jdk-26\bin\net.dll
Event: 0.263 Attempting to load shared library C:\Program Files\Java\jdk-26\bin\nio.dll
Event: 0.264 Loaded shared library C:\Program Files\Java\jdk-26\bin\nio.dll
Event: 0.269 Attempting to load shared library C:\Program Files\Java\jdk-26\bin\zip.dll
Event: 0.269 Loaded shared library C:\Program Files\Java\jdk-26\bin\zip.dll
Event: 0.621 Attempting to load shared library C:\Program Files\Java\jdk-26\bin\extnet.dll
Event: 0.622 Loaded shared library C:\Program Files\Java\jdk-26\bin\extnet.dll
Event: 0.676 Attempting to load shared library C:\Program Files\Java\jdk-26\bin\jimage.dll
Event: 0.676 Loaded shared library C:\Program Files\Java\jdk-26\bin\jimage.dll

Deoptimization events (2 events):
Event: 1.403 Thread 0x000001369107f0e0 DEOPT PACKING pc=0x000001369c5677ac sp=0x00000001006fc470
Event: 1.403 Thread 0x000001369107f0e0 DEOPT UNPACKING pc=0x000001369c191a02 sp=0x00000001006fb968 mode 0

Classes loaded (20 events):
Event: 1.924 Loading class jdk/xml/internal/JdkProperty$ImplPropMap
Event: 1.925 Loading class jdk/xml/internal/JdkProperty$ImplPropMap done
Event: 1.926 Loading class com/sun/org/apache/xalan/internal/xsltc/trax/TransformerFactoryImpl
Event: 1.928 Loading class com/sun/org/apache/xalan/internal/xsltc/compiler/SourceLoader
Event: 1.929 Loading class com/sun/org/apache/xalan/internal/xsltc/compiler/SourceLoader done
Event: 1.929 Loading class javax/xml/transform/sax/SAXTransformerFactory
Event: 1.929 Loading class javax/xml/transform/sax/SAXTransformerFactory done
Event: 1.929 Loading class com/sun/org/apache/xalan/internal/xsltc/trax/TransformerFactoryImpl done
Event: 1.929 Loading class jdk/xml/internal/TransformErrorListener
Event: 1.930 Loading class javax/xml/transform/ErrorListener
Event: 1.930 Loading class javax/xml/transform/ErrorListener done
Event: 1.930 Loading class jdk/xml/internal/TransformErrorListener done
Event: 1.930 Loading class javax/xml/catalog/CatalogFeatures
Event: 1.931 Loading class javax/xml/catalog/CatalogFeatures done
Event: 1.931 Loading class javax/xml/catalog/CatalogFeatures$Builder
Event: 1.931 Loading class javax/xml/catalog/CatalogFeatures$Builder done
Event: 1.931 Loading class jdk/xml/internal/JdkConstants
Event: 1.931 Loading class jdk/xml/internal/JdkConstants done
Event: 1.932 Loading class jdk/xml/internal/JdkProperty
Event: 1.932 Loading class jdk/xml/internal/JdkProperty done

Classes unloaded (0 events):
No events

Classes redefined (0 events):
No events

Internal exceptions (20 events):
Event: 1.301 Thread 0x000001369107f0e0 Exception <a 'java/lang/NoSuchMethodError'{0x00000000866aba18}: 'void java.lang.invoke.DirectMethodHandle$Holder.invokeStaticInit(java.lang.Object, java.lang.Object)'> (0x00000000866aba18) 
thrown [s\open\src\hotspot\share\interpreter\linkResolver.cpp, line 804]
Event: 1.306 Thread 0x000001369107f0e0 Exception <a 'java/lang/NoSuchMethodError'{0x00000000866d71d8}: 'void java.lang.invoke.DirectMethodHandle$Holder.invokeInterface(java.lang.Object, java.lang.Object)'> (0x00000000866d71d8) 
thrown [s\open\src\hotspot\share\interpreter\linkResolver.cpp, line 804]
Event: 1.316 Thread 0x000001369107f0e0 Exception <a 'java/lang/NoSuchMethodError'{0x000000008650fb00}: 'int java.lang.invoke.DirectMethodHandle$Holder.invokeStatic(java.lang.Object, java.lang.Object, java.lang.Object, java.lang.Object)'> (0x000000008650fb00) 
thrown [s\open\src\hotspot\share\interpreter\linkResolver.cpp, line 804]
Event: 1.339 Thread 0x000001369107f0e0 Exception <a 'java/lang/NoSuchMethodError'{0x00000000865cc810}: 'java.lang.Object java.lang.invoke.DirectMethodHandle$Holder.invokeSpecial(java.lang.Object, java.lang.Object, java.lang.Object, java.lang.Object, java.lang.Object, java.lang.Object, int)'> (0x00000000865cc810) 
thrown [s\open\src\hotspot\share\interpreter\linkResolver.cpp, line 804]
Event: 1.340 Thread 0x000001369107f0e0 Exception <a 'java/lang/NoSuchMethodError'{0x00000000865de8f8}: 'java.lang.Object java.lang.invoke.DirectMethodHandle$Holder.newInvokeSpecial(java.lang.Object, java.lang.Object, java.lang.Object, java.lang.Object, java.lang.Object, java.lang.Object, int)'> (0x00000000865de8f8) 
thrown [s\open\src\hotspot\share\interpreter\linkResolver.cpp, line 804]
Event: 1.341 Thread 0x000001369107f0e0 Exception <a 'java/lang/NoSuchMethodError'{0x00000000865e79b0}: 'java.lang.Object java.lang.invoke.DirectMethodHandle$Holder.invokeSpecial(java.lang.Object, java.lang.Object, java.lang.Object, java.lang.Object, java.lang.Object, java.lang.Object, java.lang.Object, int)'> (0x00000000865e79b0) 
thrown [s\open\src\hotspot\share\interpreter\linkResolver.cpp, line 804]
Event: 1.382 Thread 0x000001369107f0e0 Exception <a 'java/lang/NoSuchMethodError'{0x0000000086b14ad8}: 'int java.lang.invoke.DirectMethodHandle$Holder.invokeInterface(java.lang.Object, java.lang.Object)'> (0x0000000086b14ad8) 
thrown [s\open\src\hotspot\share\interpreter\linkResolver.cpp, line 804]
Event: 1.386 Thread 0x000001369107f0e0 Exception <a 'java/lang/NoSuchMethodError'{0x0000000086b61f88}: 'void java.lang.invoke.DirectMethodHandle$Holder.invokeSpecial(java.lang.Object, java.lang.Object, java.lang.Object, java.lang.Object, java.lang.Object)'> (0x0000000086b61f88) 
thrown [s\open\src\hotspot\share\interpreter\linkResolver.cpp, line 804]
Event: 1.405 Thread 0x000001369107f0e0 Exception <a 'java/lang/NoSuchMethodError'{0x0000000086a30ba0}: 'java.lang.Object java.lang.invoke.Invokers$Holder.linkToTargetMethod(int, java.lang.Object, java.lang.Object, java.lang.Object, java.lang.Object)'> (0x0000000086a30ba0) 
thrown [s\open\src\hotspot\share\interpreter\linkResolver.cpp, line 804]
Event: 1.406 Thread 0x000001369107f0e0 Exception <a 'java/lang/NoSuchMethodError'{0x0000000086a4def8}: 'java.lang.Object java.lang.invoke.DirectMethodHandle$Holder.newInvokeSpecial(java.lang.Object, int, java.lang.Object)'> (0x0000000086a4def8) 
thrown [s\open\src\hotspot\share\interpreter\linkResolver.cpp, line 804]
Event: 1.425 Thread 0x000001369107f0e0 Exception <a 'java/lang/NoSuchMethodError'{0x000000008692c7b0}: 'java.lang.Object java.lang.invoke.DirectMethodHandle$Holder.newInvokeSpecial(java.lang.Object, java.lang.Object, java.lang.Object, int, java.lang.Object)'> (0x000000008692c7b0) 
thrown [s\open\src\hotspot\share\interpreter\linkResolver.cpp, line 804]
Event: 1.426 Thread 0x000001369107f0e0 Exception <a 'java/lang/NoSuchMethodError'{0x000000008693cf18}: 'java.lang.Object java.lang.invoke.Invokers$Holder.linkToTargetMethod(java.lang.Object, java.lang.Object, int, java.lang.Object, java.lang.Object)'> (0x000000008693cf18) 
thrown [s\open\src\hotspot\share\interpreter\linkResolver.cpp, line 804]
Event: 1.427 Thread 0x000001369107f0e0 Exception <a 'java/lang/NoSuchMethodError'{0x0000000086958ab0}: 'int java.lang.invoke.DirectMethodHandle$Holder.invokeSpecialIFC(java.lang.Object, java.lang.Object, java.lang.Object, java.lang.Object)'> (0x0000000086958ab0) 
thrown [s\open\src\hotspot\share\interpreter\linkResolver.cpp, line 804]
Event: 1.447 Thread 0x000001369107f0e0 Exception <a 'java/lang/NoSuchMethodError'{0x0000000086840cb0}: 'void java.lang.invoke.DirectMethodHandle$Holder.invokeInterface(java.lang.Object, java.lang.Object, java.lang.Object)'> (0x0000000086840cb0) 
thrown [s\open\src\hotspot\share\interpreter\linkResolver.cpp, line 804]
Event: 1.460 Thread 0x000001369107f0e0 Exception <a 'java/lang/NoSuchMethodError'{0x00000000868cefd8}: 'java.lang.Object java.lang.invoke.DirectMethodHandle$Holder.invokeVirtual(java.lang.Object, java.lang.Object, java.lang.Object)'> (0x00000000868cefd8) 
thrown [s\open\src\hotspot\share\interpreter\linkResolver.cpp, line 804]
Event: 1.482 Thread 0x000001369107f0e0 Exception <a 'java/lang/NoSuchMethodError'{0x00000000867a5b78}: 'void java.lang.invoke.DirectMethodHandle$Holder.invokeStatic(java.lang.Object, java.lang.Object, int)'> (0x00000000867a5b78) 
thrown [s\open\src\hotspot\share\interpreter\linkResolver.cpp, line 804]
Event: 1.487 Thread 0x000001369107f0e0 Exception <a 'java/lang/NoSuchMethodError'{0x00000000867c3598}: 'void java.lang.invoke.DirectMethodHandle$Holder.invokeStaticInit(java.lang.Object, java.lang.Object, java.lang.Object)'> (0x00000000867c3598) 
thrown [s\open\src\hotspot\share\interpreter\linkResolver.cpp, line 804]
Event: 1.520 Thread 0x000001369107f0e0 Exception <a 'java/lang/NoSuchMethodError'{0x00000000866e50e8}: 'void java.lang.invoke.DirectMethodHandle$Holder.invokeVirtual(java.lang.Object, java.lang.Object, java.lang.Object, java.lang.Object)'> (0x00000000866e50e8) 
thrown [s\open\src\hotspot\share\interpreter\linkResolver.cpp, line 804]
Event: 1.630 Thread 0x000001369107f0e0 Exception <a 'java/lang/NoSuchMethodError'{0x0000000086bd4990}: 'int java.lang.invoke.DirectMethodHandle$Holder.invokeVirtual(java.lang.Object, java.lang.Object)'> (0x0000000086bd4990) 
thrown [s\open\src\hotspot\share\interpreter\linkResolver.cpp, line 804]
Event: 1.642 Thread 0x000001369107f0e0 Exception <a 'java/lang/IncompatibleClassChangeError'{0x0000000086ab4fd0}: Found class java.lang.Object, but interface was expected> (0x0000000086ab4fd0) 
thrown [s\open\src\hotspot\share\interpreter\linkResolver.cpp, line 871]

VM Operations (20 events):
Event: 1.125 Executing non-safepoint VM operation: HandshakeAllThreads (Deoptimize) done
Event: 1.342 Executing safepoint VM operation: G1CollectForAllocation (G1 Evacuation Pause)
Event: 1.347 Executing safepoint VM operation: G1CollectForAllocation (G1 Evacuation Pause) done
Event: 1.403 Executing non-safepoint VM operation: HandshakeAllThreads (Deoptimize)
Event: 1.403 Executing non-safepoint VM operation: HandshakeAllThreads (Deoptimize) done
Event: 1.407 Executing non-safepoint VM operation: HandshakeAllThreads (Deoptimize)
Event: 1.407 Executing non-safepoint VM operation: HandshakeAllThreads (Deoptimize) done
Event: 1.580 Executing safepoint VM operation: G1CollectForAllocation (G1 Evacuation Pause)
Event: 1.586 Executing safepoint VM operation: G1CollectForAllocation (G1 Evacuation Pause) done
Event: 1.618 Executing non-safepoint VM operation: HandshakeAllThreads (Deoptimize)
Event: 1.618 Executing non-safepoint VM operation: HandshakeAllThreads (Deoptimize) done
Event: 1.620 Executing non-safepoint VM operation: HandshakeAllThreads (Deoptimize)
Event: 1.620 Executing non-safepoint VM operation: HandshakeAllThreads (Deoptimize) done
Event: 1.775 Executing safepoint VM operation: G1CollectForAllocation (G1 Evacuation Pause)
Event: 1.779 Executing safepoint VM operation: G1CollectForAllocation (G1 Evacuation Pause) done
Event: 1.870 Executing non-safepoint VM operation: HandshakeAllThreads (Deoptimize)
Event: 1.870 Executing non-safepoint VM operation: HandshakeAllThreads (Deoptimize) done
Event: 1.945 Executing non-safepoint VM operation: HandshakeAllThreads (Deoptimize)
Event: 1.945 Executing non-safepoint VM operation: HandshakeAllThreads (Deoptimize) done
Event: 1.957 Executing safepoint VM operation: G1CollectForAllocation (G1 Evacuation Pause)

Memory protections (0 events):
No events

Nmethod flushes (0 events):
No events

Events (15 events):
Event: 0.052 Thread 0x000001369107f0e0 Thread added: 0x000001369107f0e0
Event: 0.075 Thread 0x000001369107f0e0 Thread added: 0x00000136a4c26740
Event: 0.075 Thread 0x000001369107f0e0 Thread added: 0x00000136a4c28300
Event: 0.075 Thread 0x000001369107f0e0 Thread added: 0x00000136a4c29a70
Event: 0.075 Thread 0x000001369107f0e0 Thread added: 0x00000136a4c2aed0
Event: 0.076 Thread 0x000001369107f0e0 Thread added: 0x00000136a4c382c0
Event: 0.076 Thread 0x000001369107f0e0 Thread added: 0x00000136a4c31a70
Event: 0.076 Thread 0x000001369107f0e0 Thread added: 0x00000136a4c40fd0
Event: 0.233 Thread 0x00000136a4c40fd0 Thread added: 0x00000136a904e360
Event: 0.234 Thread 0x00000136a4c40fd0 Thread added: 0x00000136a9050b70
Event: 0.257 Thread 0x000001369107f0e0 Thread added: 0x00000136a4c37060
Event: 0.597 Thread 0x000001369107f0e0 Thread added: 0x00000136a4c358f0
Event: 0.597 Thread 0x000001369107f0e0 Thread added: 0x00000136a4c37830
Event: 1.350 Thread 0x00000136a4c40fd0 Thread added: 0x00000136a9bd8900
Event: 1.627 Thread 0x000001369107f0e0 Thread added: 0x00000136a93eb8f0


Dynamic libraries:
0x00007ff712920000 - 0x00007ff712930000 	C:\Program Files\Java\jdk-26\bin\java.exe
0x00007ff986a20000 - 0x00007ff986c87000 	C:\WINDOWS\SYSTEM32\ntdll.dll
0x00007ff985e00000 - 0x00007ff985ec9000 	C:\WINDOWS\System32\KERNEL32.DLL
0x00007ff9834b0000 - 0x00007ff9838a4000 	C:\WINDOWS\System32\KERNELBASE.dll
0x00007ff9844e0000 - 0x00007ff98462b000 	C:\WINDOWS\System32\ucrtbase.dll
0x00007ff970260000 - 0x00007ff970277000 	C:\Program Files\Java\jdk-26\bin\jli.dll
0x00007ff970280000 - 0x00007ff97029e000 	C:\Program Files\Java\jdk-26\bin\VCRUNTIME140.dll
0x00007ff984ba0000 - 0x00007ff984d65000 	C:\WINDOWS\System32\USER32.dll
0x00007ff983960000 - 0x00007ff983987000 	C:\WINDOWS\System32\win32u.dll
0x00007ff966780000 - 0x00007ff966a13000 	C:\WINDOWS\WinSxS\amd64_microsoft.windows.common-controls_6595b64144ccf1df_6.0.26100.8115_none_3e075c82e3354f9c\COMCTL32.dll
0x00007ff9848e0000 - 0x00007ff98490b000 	C:\WINDOWS\System32\GDI32.dll
0x00007ff986830000 - 0x00007ff9868d9000 	C:\WINDOWS\System32\msvcrt.dll
0x00007ff9832f0000 - 0x00007ff98341a000 	C:\WINDOWS\System32\gdi32full.dll
0x00007ff9838b0000 - 0x00007ff983953000 	C:\WINDOWS\System32\msvcp_win.dll
0x00007ff985ed0000 - 0x00007ff985f02000 	C:\WINDOWS\System32\IMM32.DLL
0x00007ff9705e0000 - 0x00007ff9705ec000 	C:\Program Files\Java\jdk-26\bin\vcruntime140_1.dll
0x00007ff94bb90000 - 0x00007ff94bc1d000 	C:\Program Files\Java\jdk-26\bin\msvcp140.dll
0x00007ff8d07a0000 - 0x00007ff8d166e000 	C:\Program Files\Java\jdk-26\bin\server\jvm.dll
0x00007ff9868e0000 - 0x00007ff986996000 	C:\WINDOWS\System32\ADVAPI32.dll
0x00007ff9858e0000 - 0x00007ff985987000 	C:\WINDOWS\System32\sechost.dll
0x00007ff984980000 - 0x00007ff984a98000 	C:\WINDOWS\System32\RPCRT4.dll
0x00007ff9856e0000 - 0x00007ff985760000 	C:\WINDOWS\System32\WS2_32.dll
0x00007ff983170000 - 0x00007ff9831ce000 	C:\WINDOWS\SYSTEM32\POWRPROF.dll
0x00007ff980360000 - 0x00007ff980396000 	C:\WINDOWS\SYSTEM32\WINMM.dll
0x00007ff96b930000 - 0x00007ff96b93b000 	C:\WINDOWS\SYSTEM32\VERSION.dll
0x00007ff983150000 - 0x00007ff983164000 	C:\WINDOWS\SYSTEM32\UMPDC.dll
0x00007ff982060000 - 0x00007ff98207b000 	C:\WINDOWS\SYSTEM32\kernel.appcore.dll
0x00007ff970120000 - 0x00007ff97012a000 	C:\Program Files\Java\jdk-26\bin\jimage.dll
0x00007ff981260000 - 0x00007ff9814a2000 	C:\WINDOWS\SYSTEM32\DBGHELP.DLL
0x00007ff985a70000 - 0x00007ff985df2000 	C:\WINDOWS\System32\combase.dll
0x00007ff984800000 - 0x00007ff9848d7000 	C:\WINDOWS\System32\OLEAUT32.dll
0x00007ff963320000 - 0x00007ff96335b000 	C:\WINDOWS\SYSTEM32\dbgcore.DLL
0x00007ff984430000 - 0x00007ff9844d5000 	C:\WINDOWS\System32\bcryptPrimitives.dll
0x00007ff968e00000 - 0x00007ff968e10000 	C:\Program Files\Java\jdk-26\bin\instrument.dll
0x00007ff9700a0000 - 0x00007ff9700bf000 	C:\Program Files\Java\jdk-26\bin\java.dll
0x00007ff985fd0000 - 0x00007ff986167000 	C:\WINDOWS\System32\ole32.dll
0x00007ff984f70000 - 0x00007ff9856d6000 	C:\WINDOWS\System32\SHELL32.dll
0x00007ff983990000 - 0x00007ff983afa000 	C:\WINDOWS\System32\wintypes.dll
0x00007ff983bc0000 - 0x00007ff984425000 	C:\WINDOWS\System32\windows.storage.dll
0x00007ff986730000 - 0x00007ff986827000 	C:\WINDOWS\System32\SHCORE.dll
0x00007ff984910000 - 0x00007ff984976000 	C:\WINDOWS\System32\shlwapi.dll
0x00007ff983210000 - 0x00007ff983239000 	C:\WINDOWS\SYSTEM32\profapi.dll
0x00007ff94e210000 - 0x00007ff94e227000 	C:\Program Files\Java\jdk-26\bin\zip.dll
0x00007ff95e7e0000 - 0x00007ff95e7f2000 	C:\Program Files\Java\jdk-26\bin\net.dll
0x00007ff9825f0000 - 0x00007ff98265c000 	C:\WINDOWS\system32\mswsock.dll
0x00007ff94e670000 - 0x00007ff94e686000 	C:\Program Files\Java\jdk-26\bin\nio.dll
0x00007ff94e110000 - 0x00007ff94e119000 	C:\Program Files\Java\jdk-26\bin\extnet.dll

JVMTI agents:
C:\Program Files\JetBrains\IntelliJ IDEA 2026.1\lib\idea_rt.jar path:C:\Program Files\Java\jdk-26\bin\instrument.dll, loaded, initialized, instrumentlib options:56688

dbghelp: loaded successfully - version: 4.0.5 - missing functions: none
symbol engine: initialized successfully - sym options: 0x614 - pdb path: .;C:\Program Files\Java\jdk-26\bin;C:\WINDOWS\SYSTEM32;C:\WINDOWS\WinSxS\amd64_microsoft.windows.common-controls_6595b64144ccf1df_6.0.26100.8115_none_3e075c82e3354f9c;C:\Program Files\Java\jdk-26\bin\server

VM Arguments:
jvm_args: -XX:TieredStopAtLevel=1 -Dspring.output.ansi.enabled=always -javaagent:C:\Program Files\JetBrains\IntelliJ IDEA 2026.1\lib\idea_rt.jar=56688 -Dfile.encoding=UTF-8 -Dsun.stdout.encoding=UTF-8 -Dsun.stderr.encoding=UTF-8 
java_command: com.delhimetro.route_planner.RoutePlannerApplication
java_class_path (initial): C:\Users\sugan\Downloads\route-planner\route-planner\target\classes;C:\Users\sugan\.m2\repository\org\springframework\boot\spring-boot-starter-data-jpa\3.5.13\spring-boot-starter-data-jpa-3.5.13.jar;C:\Users\sugan\.m2\repository\org\springframework\boot\spring-boot-starter-security\3.5.13\spring-boot-starter-security-3.5.13.jar;C:\Users\sugan\.m2\repository\org\springframework\boot\spring-boot-starter-validation\3.5.13\spring-boot-starter-validation-3.5.13.jar;C:\Users\sugan\.m2\repository\org\springframework\boot\spring-boot-starter-web\3.5.13\spring-boot-starter-web-3.5.13.jar;C:\Users\sugan\.m2\repository\org\postgresql\postgresql\42.7.10\postgresql-42.7.10.jar;C:\Users\sugan\.m2\repository\org\projectlombok\lombok\1.18.44\lombok-1.18.44.jar;C:\Users\sugan\.m2\repository\org\springframework\boot\spring-boot-starter\3.5.13\spring-boot-starter-3.5.13.jar;C:\Users\sugan\.m2\repository\org\springframework\boot\spring-boot-starter-jdbc\3.5.13\spring-boot-starter-jdbc-3.5.13.jar;C:\Users\sugan\.m2\repository\org\hibernate\orm\hibernate-core\6.6.45.Final\hibernate-core-6.6.45.Final.jar;C:\Users\sugan\.m2\repository\org\springframework\data\spring-data-jpa\3.5.10\spring-data-jpa-3.5.10.jar;C:\Users\sugan\.m2\repository\org\springframework\spring-aspects\6.2.17\spring-aspects-6.2.17.jar;C:\Users\sugan\.m2\repository\org\springframework\spring-aop\6.2.17\spring-aop-6.2.17.jar;C:\Users\sugan\.m2\repository\org\springframework\security\spring-security-config\6.5.9\spring-security-config-6.5.9.jar;C:\Users\sugan\.m2\repository\org\springframework\security\spring-security-web\6.5.9\spring-security-web-6.5.9.jar;C:\Users\sugan\.m2\repository\org\apache\tomcat\embed\tomcat-embed-el\10.1.53\tomcat-embed-el-10.1.53.jar;C:\Users\sugan\.m2\repository\org\hibernate\validator\hibernate-validator\8.0.3.Final\hibernate-validator-8.0.3.Final.jar;C:\Users\sugan\.m2\repository\org\springframework\boot\spring-boot-starter-json\3.5.13\spring-boot-starter-json-3.5.13.jar;C:\Users\sugan\.m2\repository\org\springframework\boot\spring-boot-starter-tomcat\3.5.13\spring-boot-starter-tomcat-3.5.13.jar;C:\Users\sugan\.m2\repository\org\springframework\spring-web\6.2.17\spring-web-6.2.17.jar;C:\Users\sugan\.m2\repository\org\springframework\spring-webmvc\6.2.17\spring-webmvc-6.2.17.jar;C:\Users\sugan\.m2\repository\org\checkerframework\checker-qual\3.52.0\checker-qual-3.52.0.jar;C:\Users\sugan\.m2\repository\jakarta\xml\bind\jakarta.xml.bind-api\4.0.4\jakarta.xml.bind-api-4.0.4.jar;C:\Users\sugan\.m2\repository\org\springframework\spring-core\6.2.17\spring-core-6.2.17.jar;C:\Users\sugan\.m2\repository\org\springframework\security\spring-security-core\6.5.9\spring-security-core-6.5.9.jar;C:\Users\sugan\.m2\repository\org\springframework\boot\spring-boot\3.5.13\spring-boot-3.5.13.jar;C:\Users\sugan\.m2\repository\org\springframework\boot\spring-boot-autoconfigure\3.5.13\spring-boot-autoconfigure-3.5.13.jar;C:\Users\sugan\.m2\repository\org\springframework\boot\spring-boot-starter-logging\3.5.13\spring-boot-starter-logging-3.5.13.jar;C:\Users\sugan\.m2\repository\jakarta\annotation\jakarta.annotation-api\2.1.1\jakarta.annotation-api-2.1.1.jar;C:\Users\sugan\.m2\repository\org\yaml\snakeyaml\2.4\snakeyaml-2.4.jar;C:\Users\sugan\.m2\repository\com\zaxxer\HikariCP\6.3.3\HikariCP-6.3.3.jar;C:\Users\sugan\.m2\repository\org\springframework\spring-jdbc\6.2.17\spring-jdbc-6.2.17.jar;C:\Users\sugan\.m2\repository\jakarta\persistence\jakarta.persistence-api\3.1.0\jakarta.persistence-api-3.1.0.jar;C:\Users\sugan\.m2\repository\jakarta\transaction\jakarta.transaction-api\2.0.1\jakarta.transaction-api-2.0.1.jar;C:\Users\sugan\.m2\repository\org\jboss\logging\jboss-logging\3.6.3.Final\jboss-logging-3.6.3.Final.jar;C:\Users\sugan\.m2\repository\org\hibernate\common\hibernate-commons-annotations\7.0.3.Final\hibernate-commons-annotations-7.0.3.Final.jar;C:\Users\sugan\.m2\repository\io\smallrye\jandex\3.2.0\jandex-3.2.0.jar;C:\Users\sugan\.m2\repository\com\fasterxml\classmate\1.7.3\classmate-1.7.3.jar;C:\Users\sugan\.m2\repository\net\bytebuddy\byte-buddy\1.17.8\byte-buddy-1.17.8.jar;C:\Users\sugan\.m2\repository\org\glassfish\jaxb\jaxb-runtime\4.0.6\jaxb-runtime-4.0.6.jar;C:\Users\sugan\.m2\repository\jakarta\inject\jakarta.inject-api\2.0.1\jakarta.inject-api-2.0.1.jar;C:\Users\sugan\.m2\repository\org\antlr\antlr4-runtime\4.13.0\antlr4-runtime-4.13.0.jar;C:\Users\sugan\.m2\repository\org\springframework\data\spring-data-commons\3.5.10\spring-data-commons-3.5.10.jar;C:\Users\sugan\.m2\repository\org\springframework\spring-orm\6.2.17\spring-orm-6.2.17.jar;C:\Users\sugan\.m2\repository\org\springframework\spring-context\6.2.17\spring-context-6.2.17.jar;C:\Users\sugan\.m2\repository\org\springframework\spring-tx\6.2.17\spring-tx-6.2.17.jar;C:\Users\sugan\.m2\repository\org\springframework\spring-beans\6.2.17\spring-beans-6.2.17.jar;C:\Users\sugan\.m2\repository\org\slf4j\slf4j-api\2.0.17\slf4j-api-2.0.17.jar;C:\Users\sugan\.m2\repository\org\aspectj\aspectjweaver\1.9.25.1\aspectjweaver-1.9.25.1.jar;C:\Users\sugan\.m2\repository\org\springframework\spring-expression\6.2.17\spring-expression-6.2.17.jar;C:\Users\sugan\.m2\repository\jakarta\validation\jakarta.validation-api\3.0.2\jakarta.validation-api-3.0.2.jar;C:\Users\sugan\.m2\repository\com\fasterxml\jackson\core\jackson-databind\2.21.2\jackson-databind-2.21.2.jar;C:\Users\sugan\.m2\repository\com\fasterxml\jackson\datatype\jackson-datatype-jdk8\2.21.2\jackson-datatype-jdk8-2.21.2.jar;C:\Users\sugan\.m2\repository\com\fasterxml\jackson\datatype\jackson-datatype-jsr310\2.21.2\jackson-datatype-jsr310-2.21.2.jar;C:\Users\sugan\.m2\repository\com\fasterxml\jackson\module\jackson-module-parameter-names\2.21.2\jackson-module-parameter-names-2.21.2.jar;C:\Users\sugan\.m2\repository\org\apache\tomcat\embed\tomcat-embed-core\10.1.53\tomcat-embed-core-10.1.53.jar;C:\Users\sugan\.m2\repository\org\apache\tomcat\embed\tomcat-embed-websocket\10.1.53\tomcat-embed-websocket-10.1.53.jar;C:\Users\sugan\.m2\repository\io\micrometer\micrometer-observation\1.15.10\micrometer-observation-1.15.10.jar;C:\Users\sugan\.m2\repository\jakarta\activation\jakarta.activation-api\2.1.4\jakarta.activation-api-2.1.4.jar;C:\Users\sugan\.m2\repository\org\springframework\spring-jcl\6.2.17\spring-jcl-6.2.17.jar;C:\Users\sugan\.m2\repository\org\springframework\security\spring-security-crypto\6.5.9\spring-security-crypto-6.5.9.jar;C:\Users\sugan\.m2\repository\ch\qos\logback\logback-classic\1.5.32\logback-classic-1.5.32.jar;C:\Users\sugan\.m2\repository\org\apache\logging\log4j\log4j-to-slf4j\2.24.3\log4j-to-slf4j-2.24.3.jar;C:\Users\sugan\.m2\repository\org\slf4j\jul-to-slf4j\2.0.17\jul-to-slf4j-2.0.17.jar;C:\Users\sugan\.m2\repository\org\glassfish\jaxb\jaxb-core\4.0.6\jaxb-core-4.0.6.jar;C:\Users\sugan\.m2\repository\com\fasterxml\jackson\core\jackson-annotations\2.21\jackson-annotations-2.21.jar;C:\Users\sugan\.m2\repository\com\fasterxml\jackson\core\jackson-core\2.21.2\jackson-core-2.21.2.jar;C:\Users\sugan\.m2\repository\io\micrometer\micrometer-commons\1.15.10\micrometer-commons-1.15.10.jar;C:\Users\sugan\.m2\repository\ch\qos\logback\logback-core\1.5.32\logback-core-1.5.32.jar;C:\Users\sugan\.m2\repository\org\apache\logging\log4j\log4j-api\2.24.3\log4j-api-2.24.3.jar;C:\Users\sugan\.m2\repository\org\eclipse\angus\angus-activation\2.0.3\angus-activation-2.0.3.jar;C:\Users\sugan\.m2\repository\org\glassfish\jaxb\txw2\4.0.6\txw2-4.0.6.jar;C:\Users\sugan\.m2\repository\com\sun\istack\istack-commons-runtime\4.1.2\istack-commons-runtime-4.1.2.jar
Launcher Type: SUN_STANDARD

[Global flags]
     bool AOTAdapterCaching                        = false                                  {diagnostic} {ergonomic}
     bool AOTInvokeDynamicLinking                  = false                                  {diagnostic} {ergonomic}
     bool AOTRecordTraining                        = false                                  {diagnostic} {ergonomic}
     bool AOTReplayTraining                        = false                                  {diagnostic} {ergonomic}
     bool AOTStubCaching                           = false                                  {diagnostic} {ergonomic}
     intx CICompilerCount                          = 4                                         {product} {ergonomic}
     uint ConcGCThreads                            = 3                                         {product} {ergonomic}
     uint G1ConcRefinementThreads                  = 10                                        {product} {ergonomic}
     uint G1EagerReclaimRemSetThreshold            = 10                                   {experimental} {ergonomic}
   size_t G1HeapRegionSize                         = 1048576                                   {product} {ergonomic}
     uint G1RemSetArrayOfCardsEntries              = 10                                   {experimental} {ergonomic}
     uint G1RemSetHowlMaxNumBuckets                = 8                                    {experimental} {ergonomic}
     uint G1RemSetHowlNumBuckets                   = 4                                    {experimental} {ergonomic}
   size_t InitialHeapSize                          = 8388608                                   {product} {ergonomic}
     bool IntelJccErratumMitigation                = false                             {ARCH diagnostic} {ergonomic}
   size_t MarkStackSize                            = 4194304                                   {product} {ergonomic}
   size_t MarkStackSizeMax                         = 536870912                                 {product} {ergonomic}
   size_t MaxHeapSize                              = 2065694720                                {product} {ergonomic}
   size_t MaxNewSize                               = 1239416832                                {product} {ergonomic}
 uint64_t MaxRAM                                   = 8259362816                                {product} {ergonomic}
   size_t MinHeapDeltaBytes                        = 1048576                                   {product} {ergonomic}
   size_t MinHeapSize                              = 8388608                                   {product} {ergonomic}
   size_t NonNMethodCodeHeapSize                   = 4096                                   {pd product} {ergonomic}
   size_t NonProfiledCodeHeapSize                  = 0                                      {pd product} {ergonomic}
     bool ProfileInterpreter                       = false                                  {pd product} {command line}
   size_t ProfiledCodeHeapSize                     = 0                                      {pd product} {ergonomic}
   size_t SoftMaxHeapSize                          = 2065694720                             {manageable} {ergonomic}
     intx TieredStopAtLevel                        = 1                                         {product} {command line}
     bool UseCompressedOops                        = true                           {product lp64_product} {ergonomic}
     bool UseCondCardMark                          = true                                      {product} {ergonomic}
     bool UseFastUnorderedTimeStamps               = true                                 {experimental} {ergonomic}
     bool UseG1GC                                  = true                                      {product} {ergonomic}
     bool UseLargePagesIndividualAllocation        = false                                  {pd product} {ergonomic}
      int X86ICacheSync                            = 3                                 {ARCH diagnostic} {ergonomic}

Logging:
Log output configuration:
 #0: stdout all=warning uptime,level,tags foldmultilines=false
 #1: stderr all=off uptime,level,tags foldmultilines=false

Release file:
IMPLEMENTOR="Oracle Corporation" 
JAVA_RUNTIME_VERSION="26+35-2893" 
JAVA_VERSION="26" 
JAVA_VERSION_DATE="2026-03-17" 
LIBC="default" 
MODULES="java.base java.compiler java.datatransfer java.xml java.prefs java.desktop java.instrument java.logging java.management java.security.sasl java.naming java.rmi java.management.rmi java.net.http java.scripting java.security.jgss java.transaction.xa java.sql java.sql.rowset java.xml.crypto java.se java.smartcardio jdk.accessibility jdk.internal.jvmstat jdk.attach jdk.charsets jdk.internal.opt jdk.zipfs jdk.compiler jdk.crypto.cryptoki jdk.crypto.ec jdk.crypto.mscapi jdk.dynalink jdk.internal.ed jdk.editpad jdk.internal.vm.ci jdk.graal.compiler jdk.graal.compiler.management jdk.hotspot.agent jdk.httpserver jdk.incubator.vector jdk.internal.le jdk.internal.md jdk.jartool jdk.javadoc jdk.jcmd jdk.management jdk.management.agent jdk.jconsole jdk.jdeps jdk.jdwp.agent jdk.jdi jdk.jfr jdk.jlink jdk.jpackage jdk.jshell jdk.jstatd jdk.localedata jdk.management.jfr jdk.naming.dns jdk.naming.rmi jdk.net jdk.nio.mapmode jdk.sctp jdk.security.auth jdk.security.jgss jdk.unsupported jdk.unsupported.desktop jdk.xml.dom" 
OS_ARCH="x86_64" 
OS_NAME="Windows" 
SOURCE=".:git:1327d96f3b3c open:git:4408cd2a07a1" 

Environment Variables:
PATH=C:\Program Files\Common Files\Oracle\Java\javapath;C:\Program Files (x86)\Common Files\Oracle\Java\javapath;C:\WINDOWS\system32;C:\WINDOWS;C:\WINDOWS\System32\Wbem;C:\WINDOWS\System32\WindowsPowerShell\v1.0\;C:\WINDOWS\System32\OpenSSH\;C:\Program Files\dotnet\;C:\MinGW\bin;C:\webDrivers;C:\python-3.11.2-amd64.exe;C:\Program Files\PowerShell\7\;C:\Program Files\Git\cmd;C:\Program Files\nodejs\;C:\Program Files\MySQL\MySQL Shell 8.0\bin\;C:\Users\sugan\AppData\Local\Programs\Python\Python311\Scripts\;C:\Users\sugan\AppData\Local\Programs\Python\Python311\;C:\Users\sugan\AppData\Local\Programs\Python\Launcher\;C:\Users\sugan\AppData\Local\Microsoft\WindowsApps;;C:\Microsoft VS Code\bin;C:\Users\sugan\AppData\Local\Microsoft\WinGet\Packages\Schniz.fnm_Microsoft.Winget.Source_8wekyb3d8bbwe;C:\Users\sugan\AppData\Roaming\npm
USERNAME=sugan
OS=Windows_NT
PROCESSOR_IDENTIFIER=Intel64 Family 6 Model 154 Stepping 4, GenuineIntel
TMP=C:\Users\sugan\AppData\Local\Temp
TEMP=C:\Users\sugan\AppData\Local\Temp




Compilation memory statistics disabled.

Periodic native trim disabled

---------------  S Y S T E M  ---------------

OS:
 Windows 11 , 64 bit Build 26100 (10.0.26100.8115)
OS uptime: 1 days 23:16 hours
Hyper-V role detected

CPU: total 12 (initial active 12) (hybrid) family 6 model 154 stepping 4 microcode 0x43b, cx8, cmov, fxsr, ht, mmx, 3dnowpref, sse, sse2, sse3, ssse3, sse4.1, sse4.2, popcnt, lzcnt, tsc, tscinvbit, avx, avx2, aes, erms, clmul, bmi1, bmi2, adx, sha, fma, vzeroupper, clflush, clflushopt, clwb, hv, serialize, rdtscp, rdpid, fsrm, gfni, f16c, cet_ibt, cet_ss, hybrid
Processor Information for the first 12 processors :
  Max Mhz: 1300, Current Mhz: 1300, Mhz Limit: 1300

Memory: 4k page, system-wide physical 7876M (505M free)
TotalPageFile size 32452M (AvailPageFile size 4M)
current process WorkingSet (physical memory assigned to process): 90M, peak: 90M
current process commit charge ("private bytes"): 142M, peak: 208M

vm_info: Java HotSpot(TM) 64-Bit Server VM (26+35-2893) for windows-amd64 JRE (26+35-2893), built on 2026-02-12T17:04:02Z with MS VC++ 17.13 (VS2022)

END.
